<?xml version="1.0" encoding="UTF-8"?>
<!-- Generated by org.testng.reporters.JUnitReportReporter -->
<testsuite hostname="DESKTOP-H2ULFNK" failures="0" tests="6" name="ThreadDemo" time="0.296" errors="0" timestamp="2020-09-24T09:00:21 IST" skipped="0">
  <testcase classname="ThreadDemo" name="testMethod" time="0.016"/>
  <system-out/>
  <testcase classname="ThreadDemo" name="testMethod" time="0.068"/>
  <system-out/>
  <testcase classname="ThreadDemo" name="testMethod" time="0.065"/>
  <system-out/>
  <testcase classname="ThreadDemo" name="testMethod" time="0.005"/>
  <system-out/>
  <testcase classname="ThreadDemo" name="testMethod" time="0.070"/>
  <system-out/>
  <testcase classname="ThreadDemo" name="testMethod" time="0.072"/>
  <system-out/>
</testsuite> <!-- ThreadDemo -->
