<?xml version="1.0" encoding="UTF-8"?>
<!-- Generated by org.testng.reporters.JUnitReportReporter -->
<testsuite hostname="DESKTOP-H2ULFNK" failures="0" tests="3" name="Params" time="0.019" errors="0" timestamp="2020-09-25T08:21:08 IST" skipped="1">
  <testcase classname="Params" name="Diff" time="0.015"/>
  <system-out/>
  <testcase classname="Params" name="sum" time="0.004"/>
  <system-out/>
  <testcase classname="Params" name="mul">
    <skipped/>
  </testcase> <!-- mul -->
  <system-out/>
</testsuite> <!-- Params -->
