<?xml version="1.0" encoding="UTF-8"?>
<!-- Generated by org.testng.reporters.JUnitReportReporter -->
<testsuite hostname="DESKTOP-H2ULFNK" failures="0" tests="6" name="Dprovider" time="0.062" errors="0" timestamp="2020-09-22T08:03:56 IST" skipped="0">
  <testcase classname="Dprovider" name="Sum" time="0.004"/>
  <system-out/>
  <testcase classname="Dprovider" name="Sum" time="0.006"/>
  <system-out/>
  <testcase classname="Dprovider" name="Diff" time="0.002"/>
  <system-out/>
  <testcase classname="Dprovider" name="Sum" time="0.018"/>
  <system-out/>
  <testcase classname="Dprovider" name="Diff" time="0.028"/>
  <system-out/>
  <testcase classname="Dprovider" name="Diff" time="0.004"/>
  <system-out/>
</testsuite> <!-- Dprovider -->
