<?xml version="1.0" encoding="UTF-8"?>
<!-- Generated by org.testng.reporters.JUnitReportReporter -->
<testsuite hostname="DESKTOP-H2ULFNK" failures="0" tests="6" name="CrossBrowser" time="0.174" errors="0" timestamp="2020-09-25T08:51:27 IST" skipped="4">
  <testcase classname="CrossBrowser" name="FailDemo" time="0.004"/>
  <system-out/>
  <testcase classname="CrossBrowser" name="SkipTest" time="0.003">
    <skipped/>
  </testcase> <!-- SkipTest -->
  <system-out/>
  <testcase classname="CrossBrowser" name="FailDemo" time="0.005"/>
  <system-out/>
  <testcase classname="CrossBrowser" name="SkipTest" time="0.162">
    <skipped/>
  </testcase> <!-- SkipTest -->
  <system-out/>
  <testcase classname="CrossBrowser" name="SkipTest1">
    <skipped/>
  </testcase> <!-- SkipTest1 -->
  <system-out/>
  <testcase classname="CrossBrowser" name="SkipTest1">
    <skipped/>
  </testcase> <!-- SkipTest1 -->
  <system-out/>
</testsuite> <!-- CrossBrowser -->
