<?xml version="1.0" encoding="UTF-8"?>
<!-- Generated by org.testng.reporters.JUnitReportReporter -->
<testsuite hostname="DESKTOP-H2ULFNK" failures="0" tests="3" name="DP" time="0.030" errors="0" timestamp="2020-09-22T08:00:14 IST" skipped="0">
  <testcase classname="DP" name="myTest" time="0.021"/>
  <system-out/>
  <testcase classname="DP" name="myTest" time="0.004"/>
  <system-out/>
  <testcase classname="DP" name="myTest" time="0.005"/>
  <system-out/>
</testsuite> <!-- DP -->
