<?xml version="1.0" encoding="UTF-8"?>
<!-- Generated by org.testng.reporters.JUnitReportReporter -->
<testsuite hostname="DESKTOP-H2ULFNK" failures="0" tests="1" name="FBDemo" time="128.286" errors="0" timestamp="2020-09-28T08:34:09 IST" skipped="0">
  <testcase classname="FBDemo" name="demo" time="128.286"/>
  <system-out/>
</testsuite> <!-- FBDemo -->
