<?xml version="1.0" encoding="UTF-8"?>
<!-- Generated by org.testng.reporters.JUnitReportReporter -->
<testsuite hostname="DESKTOP-H2ULFNK" failures="0" tests="1" name="ReadDataFromExcel" time="3.260" errors="0" timestamp="2020-09-26T08:41:55 IST" skipped="0">
  <testcase classname="ReadDataFromExcel" name="ReadData" time="3.260"/>
  <system-out/>
</testsuite> <!-- ReadDataFromExcel -->
