<?xml version="1.0" encoding="UTF-8"?>
<!-- Generated by org.testng.reporters.JUnitReportReporter -->
<testsuite hostname="DESKTOP-H2ULFNK" failures="0" tests="1" name="tests.FbLoginTest" time="26.308" errors="0" timestamp="2020-09-28T08:55:50 IST" skipped="0">
  <testcase classname="tests.FbLoginTest" name="init" time="26.308"/>
  <system-out/>
</testsuite> <!-- tests.FbLoginTest -->
